<?xml version="1.0" encoding="utf-8"?><testsuites name="pytest tests"><testsuite name="pytest" errors="0" failures="1" skipped="0" tests="12" time="4.417" timestamp="2026-02-15T07:39:41.549747+00:00" hostname="agent-env-3acefb63-1a03-4606-af33-57a6fe7f0400"><testcase classname="backend.tests.test_admin_portal_features.TestAdminAuth" name="test_admin_login" time="0.421" /><testcase classname="backend.tests.test_admin_portal_features.TestAdminReviewManagement" name="test_get_review_requests" time="0.436" /><testcase classname="backend.tests.test_admin_portal_features.TestAdminReviewManagement" name="test_update_review_request_requires_auth" time="0.191" /><testcase classname="backend.tests.test_admin_portal_features.TestAdminAdvancesReview" name="test_get_flagged_advances" time="0.448" /><testcase classname="backend.tests.test_admin_portal_features.TestAdminAdvancesReview" name="test_review_advance_endpoint_exists" time="0.110" /><testcase classname="backend.tests.test_admin_portal_features.TestAdminEmployersPage" name="test_get_all_employers" time="0.455" /><testcase classname="backend.tests.test_admin_portal_features.TestAdminEmployersPage" name="test_get_employer_detail" time="0.232"><failure message="AssertionError: Failed to get employer detail: {&quot;detail&quot;:&quot;Not Found&quot;}&#10;assert 404 == 200&#10; +  where 404 = &lt;Response [404]&gt;.status_code">backend/tests/test_admin_portal_features.py:146: in test_get_employer_detail
    assert response.status_code == 200, f"Failed to get employer detail: {response.text}"
E   AssertionError: Failed to get employer detail: {"detail":"Not Found"}
E   assert 404 == 200
E    +  where 404 = &lt;Response [404]&gt;.status_code</failure></testcase><testcase classname="backend.tests.test_admin_portal_features.TestAdminEmployersPage" name="test_update_employer_status" time="0.295" /><testcase classname="backend.tests.test_admin_portal_features.TestAdminEmployeesPage" name="test_get_all_employees" time="0.567" /><testcase classname="backend.tests.test_admin_portal_features.TestAdminEmployeesPage" name="test_update_employee_status" time="0.507" /><testcase classname="backend.tests.test_admin_portal_features.TestAdminEmployeesPage" name="test_update_employee_kyc" time="0.202" /><testcase classname="backend.tests.test_admin_portal_features.TestUnauthorizedAccess" name="test_review_requests_requires_admin" time="0.444" /></testsuite></testsuites>