<?xml version="1.0" encoding="utf-8"?><testsuites name="pytest tests"><testsuite name="pytest" errors="0" failures="0" skipped="0" tests="11" time="3.855" timestamp="2026-02-15T08:31:24.009884+00:00" hostname="agent-env-8644eeb5-b8cd-44eb-9cbf-4f2d9382d338"><testcase classname="backend.tests.test_admin_ui_updates.TestAuthentication" name="test_admin_login" time="0.353" /><testcase classname="backend.tests.test_admin_ui_updates.TestAdminAdvances" name="test_get_admin_advances" time="0.443" /><testcase classname="backend.tests.test_admin_ui_updates.TestAdminEmployers" name="test_get_admin_employers" time="0.445" /><testcase classname="backend.tests.test_admin_ui_updates.TestAdminEmployers" name="test_get_employer_detail" time="0.207" /><testcase classname="backend.tests.test_admin_ui_updates.TestAdminEmployees" name="test_get_admin_employees" time="0.423" /><testcase classname="backend.tests.test_admin_ui_updates.TestFraudDetectionRules" name="test_get_fraud_rules" time="0.418" /><testcase classname="backend.tests.test_admin_ui_updates.TestFraudDetectionRules" name="test_fraud_rule_types" time="0.106" /><testcase classname="backend.tests.test_admin_ui_updates.TestRiskScoringEndpoints" name="test_employer_risk_score_update" time="0.577" /><testcase classname="backend.tests.test_admin_ui_updates.TestRiskScoringEndpoints" name="test_employee_risk_score_update" time="0.213" /><testcase classname="backend.tests.test_admin_ui_updates.TestKYCReview" name="test_get_kyc_documents" time="0.503" /><testcase classname="backend.tests.test_admin_ui_updates.TestKYCReview" name="test_get_pending_kyc_documents" time="0.110" /></testsuite></testsuites>