<?xml version="1.0" encoding="utf-8"?><testsuites name="pytest tests"><testsuite name="pytest" errors="0" failures="0" skipped="0" tests="12" time="7.472" timestamp="2026-02-15T07:19:25.760574+00:00" hostname="agent-env-3acefb63-1a03-4606-af33-57a6fe7f0400"><testcase classname="tests.test_admin_employees.TestAdminEmployeeEndpoints" name="test_admin_list_employees" time="0.539" /><testcase classname="tests.test_admin_employees.TestAdminEmployeeEndpoints" name="test_admin_get_employee_detail" time="0.573" /><testcase classname="tests.test_admin_employees.TestAdminEmployeeEndpoints" name="test_admin_get_employee_detail_not_found" time="0.424" /><testcase classname="tests.test_admin_employees.TestAdminEmployeeEndpoints" name="test_admin_update_employee_status" time="0.901" /><testcase classname="tests.test_admin_employees.TestAdminEmployeeEndpoints" name="test_admin_update_employee_status_invalid" time="0.589" /><testcase classname="tests.test_admin_employees.TestAdminEmployeeEndpoints" name="test_admin_update_employee_kyc" time="0.822" /><testcase classname="tests.test_admin_employees.TestAdminEmployeeEndpoints" name="test_admin_update_employee_kyc_invalid" time="0.723" /><testcase classname="tests.test_admin_employees.TestAdminEmployeeEndpoints" name="test_admin_update_employee_details" time="0.792" /><testcase classname="tests.test_admin_employees.TestAdminEmployeeEndpoints" name="test_admin_override_risk_score" time="0.659" /><testcase classname="tests.test_admin_employees.TestAdminEmployeeEndpoints" name="test_admin_override_risk_score_invalid" time="0.826" /><testcase classname="tests.test_admin_employees.TestAdminEmployeeAuthorization" name="test_employee_cannot_access_admin_endpoints" time="0.098" /><testcase classname="tests.test_admin_employees.TestAdminEmployeeAuthorization" name="test_employer_cannot_access_admin_endpoints" time="0.428" /></testsuite></testsuites>