<?xml version="1.0" encoding="utf-8"?><testsuites name="pytest tests"><testsuite name="pytest" errors="0" failures="0" skipped="0" tests="24" time="7.262" timestamp="2026-03-01T18:01:08.588481+00:00" hostname="agent-env-a7a50e09-d196-4caa-8d0e-8a74bd270c86"><testcase classname="backend.tests.test_admin_settings.TestAdminSettingsAuth" name="test_admin_login" time="0.477" /><testcase classname="backend.tests.test_admin_settings.TestPlatformSettings" name="test_get_platform_settings" time="0.464" /><testcase classname="backend.tests.test_admin_settings.TestPlatformSettings" name="test_update_platform_settings" time="0.258" /><testcase classname="backend.tests.test_admin_settings.TestPlatformSettings" name="test_unauthorized_access_platform_settings" time="0.114" /><testcase classname="backend.tests.test_admin_settings.TestRiskSettings" name="test_get_risk_settings" time="0.479" /><testcase classname="backend.tests.test_admin_settings.TestRiskSettings" name="test_update_risk_settings" time="0.103" /><testcase classname="backend.tests.test_admin_settings.TestNotificationSettings" name="test_get_notification_settings" time="0.454" /><testcase classname="backend.tests.test_admin_settings.TestNotificationSettings" name="test_update_notification_settings" time="0.107" /><testcase classname="backend.tests.test_admin_settings.TestEmployerConfig" name="test_get_employers_list" time="0.450" /><testcase classname="backend.tests.test_admin_settings.TestEmployerConfig" name="test_get_employer_settings" time="0.236" /><testcase classname="backend.tests.test_admin_settings.TestEmployerConfig" name="test_update_employer_settings" time="0.318" /><testcase classname="backend.tests.test_admin_settings.TestEmployeeConfig" name="test_get_employees_list" time="0.496" /><testcase classname="backend.tests.test_admin_settings.TestEmployeeConfig" name="test_get_employee_settings" time="0.303" /><testcase classname="backend.tests.test_admin_settings.TestEmployeeConfig" name="test_update_employee_settings" time="0.300" /><testcase classname="backend.tests.test_admin_settings.TestBlackoutPeriods" name="test_get_blackout_periods" time="0.439" /><testcase classname="backend.tests.test_admin_settings.TestBlackoutPeriods" name="test_create_blackout_period" time="0.122" /><testcase classname="backend.tests.test_admin_settings.TestBlackoutPeriods" name="test_update_blackout_period" time="0.240" /><testcase classname="backend.tests.test_admin_settings.TestBlackoutPeriods" name="test_delete_blackout_period" time="0.388" /><testcase classname="backend.tests.test_admin_settings.TestLegalDocuments" name="test_get_all_legal_documents" time="0.475" /><testcase classname="backend.tests.test_admin_settings.TestLegalDocuments" name="test_create_or_update_employee_terms" time="0.119" /><testcase classname="backend.tests.test_admin_settings.TestLegalDocuments" name="test_get_specific_legal_document" time="0.119" /><testcase classname="backend.tests.test_admin_settings.TestLegalDocuments" name="test_get_legal_document_history" time="0.105" /><testcase classname="backend.tests.test_admin_settings.TestLegalDocuments" name="test_public_legal_document_access" time="0.101" /><testcase classname="backend.tests.test_admin_settings.TestSettingsAuditLog" name="test_get_audit_log" time="0.461" /></testsuite></testsuites>