<?xml version="1.0" encoding="utf-8"?><testsuites name="pytest tests"><testsuite name="pytest" errors="0" failures="0" skipped="0" tests="17" time="10.009" timestamp="2026-03-01T18:18:19.933459+00:00" hostname="agent-env-a7a50e09-d196-4caa-8d0e-8a74bd270c86"><testcase classname="backend.tests.test_audit_trail.TestAuditTrailAPIs" name="test_admin_login_success" time="1.180" /><testcase classname="backend.tests.test_audit_trail.TestAuditTrailAPIs" name="test_audit_trail_stats_endpoint" time="0.456" /><testcase classname="backend.tests.test_audit_trail.TestAuditTrailAPIs" name="test_audit_trail_stats_with_date_filter" time="0.479" /><testcase classname="backend.tests.test_audit_trail.TestAuditTrailAPIs" name="test_audit_trail_admins_endpoint" time="0.464" /><testcase classname="backend.tests.test_audit_trail.TestAuditTrailAPIs" name="test_audit_trail_logs_basic" time="0.463" /><testcase classname="backend.tests.test_audit_trail.TestAuditTrailAPIs" name="test_audit_trail_logs_pagination" time="0.614" /><testcase classname="backend.tests.test_audit_trail.TestAuditTrailAPIs" name="test_audit_trail_filter_by_audit_type_settings" time="0.463" /><testcase classname="backend.tests.test_audit_trail.TestAuditTrailAPIs" name="test_audit_trail_filter_by_settings_type" time="0.452" /><testcase classname="backend.tests.test_audit_trail.TestAuditTrailAPIs" name="test_audit_trail_filter_by_changed_by" time="0.645" /><testcase classname="backend.tests.test_audit_trail.TestAuditTrailAPIs" name="test_audit_trail_filter_by_date_range" time="0.450" /><testcase classname="backend.tests.test_audit_trail.TestAuditTrailAPIs" name="test_audit_trail_combined_filters" time="1.016" /><testcase classname="backend.tests.test_audit_trail.TestAuditTrailAPIs" name="test_audit_trail_log_entry_structure" time="0.477" /><testcase classname="backend.tests.test_audit_trail.TestAuditTrailAPIs" name="test_audit_trail_migrate_endpoint" time="0.551" /><testcase classname="backend.tests.test_audit_trail.TestAuditTrailAPIs" name="test_audit_trail_unauthorized_access" time="0.448" /><testcase classname="backend.tests.test_audit_trail.TestAuditTrailAPIs" name="test_audit_trail_invalid_token" time="0.485" /><testcase classname="backend.tests.test_audit_trail.TestAuditTrailDataIntegrity" name="test_platform_settings_change_logged" time="0.675" /><testcase classname="backend.tests.test_audit_trail.TestAuditTrailDataIntegrity" name="test_stats_reflect_actual_data" time="0.567" /></testsuite></testsuites>