<?xml version="1.0" encoding="utf-8"?><testsuites name="pytest tests"><testsuite name="pytest" errors="0" failures="0" skipped="0" tests="14" time="3.387" timestamp="2026-02-14T10:04:44.330351+00:00" hostname="agent-env-35bfeafd-654b-4a0c-b9c5-a1aa674e85cf"><testcase classname="backend.tests.test_auth_pages.TestAuthEndpoints" name="test_api_health" time="0.230" /><testcase classname="backend.tests.test_auth_pages.TestAuthEndpoints" name="test_login_valid_credentials" time="0.345" /><testcase classname="backend.tests.test_auth_pages.TestAuthEndpoints" name="test_login_admin_credentials" time="0.355" /><testcase classname="backend.tests.test_auth_pages.TestAuthEndpoints" name="test_login_invalid_credentials" time="0.111" /><testcase classname="backend.tests.test_auth_pages.TestAuthEndpoints" name="test_login_empty_credentials" time="0.100" /><testcase classname="backend.tests.test_auth_pages.TestAuthEndpoints" name="test_register_new_employee" time="0.377" /><testcase classname="backend.tests.test_auth_pages.TestAuthEndpoints" name="test_register_new_employer" time="0.321" /><testcase classname="backend.tests.test_auth_pages.TestAuthEndpoints" name="test_register_duplicate_email" time="0.112" /><testcase classname="backend.tests.test_auth_pages.TestAuthEndpoints" name="test_get_me_authenticated" time="0.450" /><testcase classname="backend.tests.test_auth_pages.TestAuthEndpoints" name="test_get_me_without_token" time="0.099" /><testcase classname="backend.tests.test_auth_pages.TestGoogleOAuthEndpoint" name="test_google_callback_invalid_session" time="0.338" /><testcase classname="backend.tests.test_auth_pages.TestGoogleOAuthEndpoint" name="test_google_callback_endpoint_exists" time="0.176" /><testcase classname="backend.tests.test_auth_pages.TestUtilityEndpoints" name="test_get_countries" time="0.169" /><testcase classname="backend.tests.test_auth_pages.TestUtilityEndpoints" name="test_get_industries" time="0.100" /></testsuite></testsuites>