<?xml version="1.0" encoding="utf-8"?><testsuites name="pytest tests"><testsuite name="pytest" errors="0" failures="0" skipped="0" tests="13" time="3.501" timestamp="2026-02-14T14:33:30.972183+00:00" hostname="agent-env-9c92faef-ae00-47a1-9320-a3b473da6199"><testcase classname="backend.tests.test_employer_onboarding.TestEmployerOnboardingAPI" name="test_get_business_sectors_success" time="0.179" /><testcase classname="backend.tests.test_employer_onboarding.TestEmployerOnboardingAPI" name="test_business_sectors_contain_expected_categories" time="0.144" /><testcase classname="backend.tests.test_employer_onboarding.TestEmployerOnboardingAPI" name="test_business_sectors_contain_expected_codes" time="0.101" /><testcase classname="backend.tests.test_employer_onboarding.TestEmployerOnboardingAPI" name="test_employer_login_success" time="0.361" /><testcase classname="backend.tests.test_employer_onboarding.TestEmployerOnboardingAPI" name="test_update_onboarding_step" time="0.470" /><testcase classname="backend.tests.test_employer_onboarding.TestEmployerOnboardingAPI" name="test_update_onboarding_step_without_auth" time="0.097" /><testcase classname="backend.tests.test_employer_onboarding.TestEmployerOnboardingAPI" name="test_create_onboarding_requires_auth" time="0.094" /><testcase classname="backend.tests.test_employer_onboarding.TestEmployerOnboardingAPI" name="test_create_onboarding_validates_required_fields" time="0.131" /><testcase classname="backend.tests.test_employer_onboarding.TestEmployerOnboardingAPI" name="test_create_onboarding_full_data" time="0.105" /><testcase classname="backend.tests.test_employer_onboarding.TestEmployerOnboardingAPI" name="test_document_upload_requires_auth" time="0.104" /><testcase classname="backend.tests.test_employer_onboarding.TestEmployerOnboardingAPI" name="test_document_upload_validates_document_type" time="0.190" /><testcase classname="backend.tests.test_employer_onboarding.TestEmployerOnboardingAPI" name="test_document_upload_valid_types" time="0.119" /><testcase classname="backend.tests.test_employer_onboarding.TestEmployerOnboardingIntegration" name="test_full_onboarding_flow" time="1.304" /></testsuite></testsuites>