<?xml version="1.0" encoding="utf-8"?><testsuites name="pytest tests"><testsuite name="pytest" errors="0" failures="0" skipped="0" tests="17" time="2.725" timestamp="2026-02-14T11:57:02.709700+00:00" hostname="agent-env-0457ff7b-0b12-429d-953f-c85f561fab7f"><testcase classname="backend.tests.test_employee_dashboard_features.TestEmployeeAuthentication" name="test_employee_login_success" time="0.394" /><testcase classname="backend.tests.test_employee_dashboard_features.TestEmployeeAuthentication" name="test_employee_login_invalid_credentials" time="0.108" /><testcase classname="backend.tests.test_employee_dashboard_features.TestEmployeeDashboardAPI" name="test_get_employee_dashboard_stats" time="0.457" /><testcase classname="backend.tests.test_employee_dashboard_features.TestEmployeeDashboardAPI" name="test_get_employee_profile" time="0.102" /><testcase classname="backend.tests.test_employee_dashboard_features.TestAdvanceRequestAPI" name="test_list_advances" time="0.101" /><testcase classname="backend.tests.test_employee_dashboard_features.TestAdvanceRequestAPI" name="test_advance_requires_auth" time="0.109" /><testcase classname="backend.tests.test_employee_dashboard_features.TestAdvanceRequestAPI" name="test_advance_validation_unverified_account" time="0.104" /><testcase classname="backend.tests.test_employee_dashboard_features.TestTransactionsAPI" name="test_list_transactions" time="0.114" /><testcase classname="backend.tests.test_employee_dashboard_features.TestTransactionsAPI" name="test_transactions_require_auth" time="0.110" /><testcase classname="backend.tests.test_employee_dashboard_features.TestKYCUploadAPI" name="test_kyc_upload_endpoint_exists" time="0.112" /><testcase classname="backend.tests.test_employee_dashboard_features.TestKYCUploadAPI" name="test_kyc_upload_requires_auth" time="0.102" /><testcase classname="backend.tests.test_employee_dashboard_features.TestKYCUploadAPI" name="test_kyc_status_endpoint" time="0.101" /><testcase classname="backend.tests.test_employee_dashboard_features.TestKYCUploadAPI" name="test_employment_contract_document_type_supported" time="0.220" /><testcase classname="backend.tests.test_employee_dashboard_features.TestUtilityEndpoints" name="test_get_countries" time="0.095" /><testcase classname="backend.tests.test_employee_dashboard_features.TestUtilityEndpoints" name="test_get_industries" time="0.100" /><testcase classname="backend.tests.test_employee_dashboard_features.TestEmployerPublicEndpoint" name="test_list_approved_employers_public" time="0.165" /><testcase classname="backend.tests.test_employee_dashboard_features.TestAuthEndpoints" name="test_auth_me_endpoint" time="0.100" /></testsuite></testsuites>