<?xml version="1.0" encoding="utf-8"?><testsuites name="pytest tests"><testsuite name="pytest" errors="0" failures="0" skipped="0" tests="13" time="4.266" timestamp="2026-02-14T16:18:44.602930+00:00" hostname="agent-env-4e05fd0a-be2b-4f60-be3f-d63752f95709"><testcase classname="backend.tests.test_employer_enhancement.TestEmployerAuthentication" name="test_login_success" time="0.510" /><testcase classname="backend.tests.test_employer_enhancement.TestEmployerDashboard" name="test_get_employer_profile" time="0.465" /><testcase classname="backend.tests.test_employer_enhancement.TestEmployerDashboard" name="test_get_employer_dashboard" time="0.122" /><testcase classname="backend.tests.test_employer_enhancement.TestEmployerDashboard" name="test_get_extended_dashboard" time="0.114" /><testcase classname="backend.tests.test_employer_enhancement.TestEmployeeList" name="test_list_employees" time="0.511" /><testcase classname="backend.tests.test_employer_enhancement.TestEmployeeList" name="test_employee_has_department" time="0.137" /><testcase classname="backend.tests.test_employer_enhancement.TestEmployeeList" name="test_employee_has_salary" time="0.103" /><testcase classname="backend.tests.test_employer_enhancement.TestPerEmployeeEWASettings" name="test_get_employee_ewa_settings" time="0.874" /><testcase classname="backend.tests.test_employer_enhancement.TestPerEmployeeEWASettings" name="test_update_employee_ewa_settings" time="0.107" /><testcase classname="backend.tests.test_employer_enhancement.TestPerEmployeeEWASettings" name="test_verify_ewa_settings_update" time="0.104" /><testcase classname="backend.tests.test_employer_enhancement.TestPayroll" name="test_get_payroll_history" time="0.484" /><testcase classname="backend.tests.test_employer_enhancement.TestPayroll" name="test_upload_payroll" time="0.152" /><testcase classname="backend.tests.test_employer_enhancement.TestAdvances" name="test_list_advances" time="0.460" /></testsuite></testsuites>