<?xml version="1.0" encoding="utf-8"?><testsuites name="pytest tests"><testsuite name="pytest" errors="0" failures="0" skipped="0" tests="16" time="8.104" timestamp="2026-02-14T13:42:35.864818+00:00" hostname="agent-env-5f1eb794-2953-4944-94d9-a943013d2643"><testcase classname="backend.tests.test_employee_dashboard_redesign.TestEmployeeDashboardRedesign" name="test_get_full_profile_returns_user_data" time="0.538" /><testcase classname="backend.tests.test_employee_dashboard_redesign.TestEmployeeDashboardRedesign" name="test_get_full_profile_includes_employee_data" time="0.440" /><testcase classname="backend.tests.test_employee_dashboard_redesign.TestEmployeeDashboardRedesign" name="test_get_full_profile_includes_kyc_documents" time="0.448" /><testcase classname="backend.tests.test_employee_dashboard_redesign.TestEmployeeDashboardRedesign" name="test_update_user_settings_phone" time="0.532" /><testcase classname="backend.tests.test_employee_dashboard_redesign.TestEmployeeDashboardRedesign" name="test_update_user_settings_full_name" time="0.663" /><testcase classname="backend.tests.test_employee_dashboard_redesign.TestEmployeeDashboardRedesign" name="test_update_employee_settings_city" time="0.676" /><testcase classname="backend.tests.test_employee_dashboard_redesign.TestEmployeeDashboardRedesign" name="test_update_employee_settings_address" time="0.538" /><testcase classname="backend.tests.test_employee_dashboard_redesign.TestEmployeeDashboardRedesign" name="test_employee_dashboard_returns_stats" time="0.435" /><testcase classname="backend.tests.test_employee_dashboard_redesign.TestEmployeeDashboardRedesign" name="test_employee_me_returns_profile" time="0.444" /><testcase classname="backend.tests.test_employee_dashboard_redesign.TestEmployeeDashboardRedesign" name="test_list_advances_empty_or_has_items" time="0.541" /><testcase classname="backend.tests.test_employee_dashboard_redesign.TestEmployeeDashboardRedesign" name="test_list_transactions" time="0.426" /><testcase classname="backend.tests.test_employee_dashboard_redesign.TestEmployeeDashboardRedesign" name="test_api_health" time="0.424" /><testcase classname="backend.tests.test_employee_dashboard_redesign.TestEmployeeDashboardRedesign" name="test_countries_endpoint" time="0.530" /><testcase classname="backend.tests.test_employee_dashboard_redesign.TestEmployeeDashboardRedesign" name="test_industries_endpoint" time="0.430" /><testcase classname="backend.tests.test_employee_dashboard_redesign.TestProfilePictureUpload" name="test_profile_picture_endpoint_exists" time="0.468" /><testcase classname="backend.tests.test_employee_dashboard_redesign.TestProfilePictureUpload" name="test_profile_picture_invalid_file_type" time="0.444" /></testsuite></testsuites>