<?xml version="1.0" encoding="utf-8"?><testsuites name="pytest tests"><testsuite name="pytest" errors="0" failures="0" skipped="0" tests="23" time="5.104" timestamp="2026-02-15T07:56:26.607756+00:00" hostname="agent-env-8644eeb5-b8cd-44eb-9cbf-4f2d9382d338"><testcase classname="backend.tests.test_fraud_rules_and_bulk_actions.TestFraudRulesAPI" name="test_get_fraud_rules_unauthorized" time="0.152" /><testcase classname="backend.tests.test_fraud_rules_and_bulk_actions.TestFraudRulesAPI" name="test_get_fraud_rules_with_employer_token" time="0.523" /><testcase classname="backend.tests.test_fraud_rules_and_bulk_actions.TestFraudRulesAPI" name="test_get_fraud_rules_success" time="0.560" /><testcase classname="backend.tests.test_fraud_rules_and_bulk_actions.TestFraudRulesAPI" name="test_create_fraud_rule_success" time="0.104" /><testcase classname="backend.tests.test_fraud_rules_and_bulk_actions.TestFraudRulesAPI" name="test_get_fraud_rules_verify_created" time="0.098" /><testcase classname="backend.tests.test_fraud_rules_and_bulk_actions.TestFraudRulesAPI" name="test_toggle_fraud_rule" time="0.111" /><testcase classname="backend.tests.test_fraud_rules_and_bulk_actions.TestFraudRulesAPI" name="test_update_fraud_rule" time="0.095" /><testcase classname="backend.tests.test_fraud_rules_and_bulk_actions.TestFraudRulesAPI" name="test_update_fraud_rule_not_found" time="0.101" /><testcase classname="backend.tests.test_fraud_rules_and_bulk_actions.TestFraudRulesAPI" name="test_delete_fraud_rule" time="0.098" /><testcase classname="backend.tests.test_fraud_rules_and_bulk_actions.TestFraudRulesAPI" name="test_delete_fraud_rule_verify_removed" time="0.109" /><testcase classname="backend.tests.test_fraud_rules_and_bulk_actions.TestFraudRulesAPI" name="test_delete_fraud_rule_not_found" time="0.111" /><testcase classname="backend.tests.test_fraud_rules_and_bulk_actions.TestBulkEmployeeActions" name="test_bulk_action_unauthorized" time="0.109" /><testcase classname="backend.tests.test_fraud_rules_and_bulk_actions.TestBulkEmployeeActions" name="test_bulk_action_employer_forbidden" time="0.119" /><testcase classname="backend.tests.test_fraud_rules_and_bulk_actions.TestBulkEmployeeActions" name="test_bulk_action_no_ids" time="0.117" /><testcase classname="backend.tests.test_fraud_rules_and_bulk_actions.TestBulkEmployeeActions" name="test_bulk_action_invalid_action" time="0.104" /><testcase classname="backend.tests.test_fraud_rules_and_bulk_actions.TestBulkEmployeeActions" name="test_bulk_activate_success" time="0.221" /><testcase classname="backend.tests.test_fraud_rules_and_bulk_actions.TestBulkEmployeeActions" name="test_bulk_suspend_success" time="0.260" /><testcase classname="backend.tests.test_fraud_rules_and_bulk_actions.TestBulkEmployeeActions" name="test_bulk_approve_kyc_success" time="0.202" /><testcase classname="backend.tests.test_fraud_rules_and_bulk_actions.TestBulkEmployerActions" name="test_bulk_employer_action_no_ids" time="1.249" /><testcase classname="backend.tests.test_fraud_rules_and_bulk_actions.TestBulkEmployerActions" name="test_bulk_employer_invalid_action" time="0.099" /><testcase classname="backend.tests.test_fraud_rules_and_bulk_actions.TestBulkEmployerActions" name="test_bulk_employer_approve_success" time="0.227" /><testcase classname="backend.tests.test_fraud_rules_and_bulk_actions.TestReconciliationAPI" name="test_reconciliation_summary" time="0.099" /><testcase classname="backend.tests.test_fraud_rules_and_bulk_actions.TestReconciliationAPI" name="test_reconciliation_list" time="0.151" /></testsuite></testsuites>