<?xml version="1.0" encoding="utf-8"?><testsuites name="pytest tests"><testsuite name="pytest" errors="0" failures="13" skipped="10" tests="23" time="2.951" timestamp="2026-02-15T07:55:54.223944+00:00" hostname="agent-env-8644eeb5-b8cd-44eb-9cbf-4f2d9382d338"><testcase classname="backend.tests.test_fraud_rules_and_bulk_actions.TestFraudRulesAPI" name="test_get_fraud_rules_unauthorized" time="0.228"><failure message="AssertionError: Expected 401, got 403&#10;assert 403 == 401&#10; +  where 403 = &lt;Response [403]&gt;.status_code">backend/tests/test_fraud_rules_and_bulk_actions.py:55: in test_get_fraud_rules_unauthorized
    assert response.status_code == 401, f"Expected 401, got {response.status_code}"
E   AssertionError: Expected 401, got 403
E   assert 403 == 401
E    +  where 403 = &lt;Response [403]&gt;.status_code</failure></testcase><testcase classname="backend.tests.test_fraud_rules_and_bulk_actions.TestFraudRulesAPI" name="test_get_fraud_rules_with_employer_token" time="0.335"><skipped type="pytest.skip" message="Employer token not available">/app/backend/tests/test_fraud_rules_and_bulk_actions.py:60: Employer token not available</skipped></testcase><testcase classname="backend.tests.test_fraud_rules_and_bulk_actions.TestFraudRulesAPI" name="test_get_fraud_rules_success" time="0.479"><failure message="AssertionError: Expected 200, got 401&#10;assert 401 == 200&#10; +  where 401 = &lt;Response [401]&gt;.status_code">backend/tests/test_fraud_rules_and_bulk_actions.py:73: in test_get_fraud_rules_success
    assert response.status_code == 200, f"Expected 200, got {response.status_code}"
E   AssertionError: Expected 200, got 401
E   assert 401 == 200
E    +  where 401 = &lt;Response [401]&gt;.status_code</failure></testcase><testcase classname="backend.tests.test_fraud_rules_and_bulk_actions.TestFraudRulesAPI" name="test_create_fraud_rule_success" time="0.104"><failure message="AssertionError: Expected 200, got 401: {&quot;detail&quot;:&quot;Invalid token&quot;}&#10;assert 401 == 200&#10; +  where 401 = &lt;Response [401]&gt;.status_code">backend/tests/test_fraud_rules_and_bulk_actions.py:104: in test_create_fraud_rule_success
    assert response.status_code == 200, f"Expected 200, got {response.status_code}: {response.text}"
E   AssertionError: Expected 200, got 401: {"detail":"Invalid token"}
E   assert 401 == 200
E    +  where 401 = &lt;Response [401]&gt;.status_code</failure></testcase><testcase classname="backend.tests.test_fraud_rules_and_bulk_actions.TestFraudRulesAPI" name="test_get_fraud_rules_verify_created" time="0.097"><failure message="assert 401 == 200&#10; +  where 401 = &lt;Response [401]&gt;.status_code">backend/tests/test_fraud_rules_and_bulk_actions.py:123: in test_get_fraud_rules_verify_created
    assert response.status_code == 200
E   assert 401 == 200
E    +  where 401 = &lt;Response [401]&gt;.status_code</failure></testcase><testcase classname="backend.tests.test_fraud_rules_and_bulk_actions.TestFraudRulesAPI" name="test_toggle_fraud_rule" time="0.000"><skipped type="pytest.skip" message="No rule to toggle">/app/backend/tests/test_fraud_rules_and_bulk_actions.py:133: No rule to toggle</skipped></testcase><testcase classname="backend.tests.test_fraud_rules_and_bulk_actions.TestFraudRulesAPI" name="test_update_fraud_rule" time="0.000"><skipped type="pytest.skip" message="No rule to update">/app/backend/tests/test_fraud_rules_and_bulk_actions.py:150: No rule to update</skipped></testcase><testcase classname="backend.tests.test_fraud_rules_and_bulk_actions.TestFraudRulesAPI" name="test_update_fraud_rule_not_found" time="0.098"><failure message="AssertionError: Expected 404, got 401&#10;assert 401 == 404&#10; +  where 401 = &lt;Response [401]&gt;.status_code">backend/tests/test_fraud_rules_and_bulk_actions.py:182: in test_update_fraud_rule_not_found
    assert response.status_code == 404, f"Expected 404, got {response.status_code}"
E   AssertionError: Expected 404, got 401
E   assert 401 == 404
E    +  where 401 = &lt;Response [401]&gt;.status_code</failure></testcase><testcase classname="backend.tests.test_fraud_rules_and_bulk_actions.TestFraudRulesAPI" name="test_delete_fraud_rule" time="0.000"><skipped type="pytest.skip" message="No rule to delete">/app/backend/tests/test_fraud_rules_and_bulk_actions.py:187: No rule to delete</skipped></testcase><testcase classname="backend.tests.test_fraud_rules_and_bulk_actions.TestFraudRulesAPI" name="test_delete_fraud_rule_verify_removed" time="0.000"><skipped type="pytest.skip" message="No rule was created">/app/backend/tests/test_fraud_rules_and_bulk_actions.py:201: No rule was created</skipped></testcase><testcase classname="backend.tests.test_fraud_rules_and_bulk_actions.TestFraudRulesAPI" name="test_delete_fraud_rule_not_found" time="0.100"><failure message="AssertionError: Expected 404, got 401&#10;assert 401 == 404&#10; +  where 401 = &lt;Response [401]&gt;.status_code">backend/tests/test_fraud_rules_and_bulk_actions.py:219: in test_delete_fraud_rule_not_found
    assert response.status_code == 404, f"Expected 404, got {response.status_code}"
E   AssertionError: Expected 404, got 401
E   assert 401 == 404
E    +  where 401 = &lt;Response [401]&gt;.status_code</failure></testcase><testcase classname="backend.tests.test_fraud_rules_and_bulk_actions.TestBulkEmployeeActions" name="test_bulk_action_unauthorized" time="0.102"><failure message="AssertionError: Expected 401, got 403&#10;assert 403 == 401&#10; +  where 403 = &lt;Response [403]&gt;.status_code">backend/tests/test_fraud_rules_and_bulk_actions.py:231: in test_bulk_action_unauthorized
    assert response.status_code == 401, f"Expected 401, got {response.status_code}"
E   AssertionError: Expected 401, got 403
E   assert 403 == 401
E    +  where 403 = &lt;Response [403]&gt;.status_code</failure></testcase><testcase classname="backend.tests.test_fraud_rules_and_bulk_actions.TestBulkEmployeeActions" name="test_bulk_action_employer_forbidden" time="0.000"><skipped type="pytest.skip" message="Employer token not available">/app/backend/tests/test_fraud_rules_and_bulk_actions.py:236: Employer token not available</skipped></testcase><testcase classname="backend.tests.test_fraud_rules_and_bulk_actions.TestBulkEmployeeActions" name="test_bulk_action_no_ids" time="0.098"><failure message="AssertionError: Expected 400, got 401&#10;assert 401 == 400&#10; +  where 401 = &lt;Response [401]&gt;.status_code">backend/tests/test_fraud_rules_and_bulk_actions.py:257: in test_bulk_action_no_ids
    assert response.status_code == 400, f"Expected 400, got {response.status_code}"
E   AssertionError: Expected 400, got 401
E   assert 401 == 400
E    +  where 401 = &lt;Response [401]&gt;.status_code</failure></testcase><testcase classname="backend.tests.test_fraud_rules_and_bulk_actions.TestBulkEmployeeActions" name="test_bulk_action_invalid_action" time="0.104"><failure message="AssertionError: Expected 400, got 401&#10;assert 401 == 400&#10; +  where 401 = &lt;Response [401]&gt;.status_code">backend/tests/test_fraud_rules_and_bulk_actions.py:270: in test_bulk_action_invalid_action
    assert response.status_code == 400, f"Expected 400, got {response.status_code}"
E   AssertionError: Expected 400, got 401
E   assert 401 == 400
E    +  where 401 = &lt;Response [401]&gt;.status_code</failure></testcase><testcase classname="backend.tests.test_fraud_rules_and_bulk_actions.TestBulkEmployeeActions" name="test_bulk_activate_success" time="0.100"><skipped type="pytest.skip" message="Could not fetch employees">/app/backend/tests/test_fraud_rules_and_bulk_actions.py:281: Could not fetch employees</skipped></testcase><testcase classname="backend.tests.test_fraud_rules_and_bulk_actions.TestBulkEmployeeActions" name="test_bulk_suspend_success" time="0.104"><skipped type="pytest.skip" message="Could not fetch employees">/app/backend/tests/test_fraud_rules_and_bulk_actions.py:312: Could not fetch employees</skipped></testcase><testcase classname="backend.tests.test_fraud_rules_and_bulk_actions.TestBulkEmployeeActions" name="test_bulk_approve_kyc_success" time="0.103"><skipped type="pytest.skip" message="Could not fetch employees">/app/backend/tests/test_fraud_rules_and_bulk_actions.py:339: Could not fetch employees</skipped></testcase><testcase classname="backend.tests.test_fraud_rules_and_bulk_actions.TestBulkEmployerActions" name="test_bulk_employer_action_no_ids" time="0.156"><failure message="AssertionError: Expected 400, got 401&#10;assert 401 == 400&#10; +  where 401 = &lt;Response [401]&gt;.status_code">backend/tests/test_fraud_rules_and_bulk_actions.py:373: in test_bulk_employer_action_no_ids
    assert response.status_code == 400, f"Expected 400, got {response.status_code}"
E   AssertionError: Expected 400, got 401
E   assert 401 == 400
E    +  where 401 = &lt;Response [401]&gt;.status_code</failure></testcase><testcase classname="backend.tests.test_fraud_rules_and_bulk_actions.TestBulkEmployerActions" name="test_bulk_employer_invalid_action" time="0.104"><failure message="AssertionError: Expected 400, got 401&#10;assert 401 == 400&#10; +  where 401 = &lt;Response [401]&gt;.status_code">backend/tests/test_fraud_rules_and_bulk_actions.py:385: in test_bulk_employer_invalid_action
    assert response.status_code == 400, f"Expected 400, got {response.status_code}"
E   AssertionError: Expected 400, got 401
E   assert 401 == 400
E    +  where 401 = &lt;Response [401]&gt;.status_code</failure></testcase><testcase classname="backend.tests.test_fraud_rules_and_bulk_actions.TestBulkEmployerActions" name="test_bulk_employer_approve_success" time="0.104"><skipped type="pytest.skip" message="Could not fetch employers">/app/backend/tests/test_fraud_rules_and_bulk_actions.py:395: Could not fetch employers</skipped></testcase><testcase classname="backend.tests.test_fraud_rules_and_bulk_actions.TestReconciliationAPI" name="test_reconciliation_summary" time="0.193"><failure message="AssertionError: Expected 200 or 404, got 401&#10;assert 401 in [200, 404]&#10; +  where 401 = &lt;Response [401]&gt;.status_code">backend/tests/test_fraud_rules_and_bulk_actions.py:428: in test_reconciliation_summary
    assert response.status_code in [200, 404], f"Expected 200 or 404, got {response.status_code}"
E   AssertionError: Expected 200 or 404, got 401
E   assert 401 in [200, 404]
E    +  where 401 = &lt;Response [401]&gt;.status_code</failure></testcase><testcase classname="backend.tests.test_fraud_rules_and_bulk_actions.TestReconciliationAPI" name="test_reconciliation_list" time="0.123"><failure message="AssertionError: Expected 200 or 404, got 401&#10;assert 401 in [200, 404]&#10; +  where 401 = &lt;Response [401]&gt;.status_code">backend/tests/test_fraud_rules_and_bulk_actions.py:437: in test_reconciliation_list
    assert response.status_code in [200, 404], f"Expected 200 or 404, got {response.status_code}"
E   AssertionError: Expected 200 or 404, got 401
E   assert 401 in [200, 404]
E    +  where 401 = &lt;Response [401]&gt;.status_code</failure></testcase></testsuite></testsuites>