<?xml version="1.0" encoding="utf-8"?><testsuites name="pytest tests"><testsuite name="pytest" errors="0" failures="0" skipped="1" tests="14" time="5.566" timestamp="2026-02-14T11:08:24.437610+00:00" hostname="agent-env-2869bee4-c96a-433d-87f2-5ab208904e35"><testcase classname="backend.tests.test_kyc_onboarding.TestKYCUploadEndpoint" name="test_kyc_upload_endpoint_exists" time="0.454" /><testcase classname="backend.tests.test_kyc_onboarding.TestKYCUploadEndpoint" name="test_kyc_upload_requires_auth" time="0.102" /><testcase classname="backend.tests.test_kyc_onboarding.TestKYCUploadEndpoint" name="test_kyc_upload_with_mock_image" time="0.448" /><testcase classname="backend.tests.test_kyc_onboarding.TestKYCUploadEndpoint" name="test_kyc_upload_id_back" time="0.441" /><testcase classname="backend.tests.test_kyc_onboarding.TestKYCUploadEndpoint" name="test_kyc_upload_address_proof" time="0.428" /><testcase classname="backend.tests.test_kyc_onboarding.TestKYCUploadEndpoint" name="test_kyc_upload_tax_certificate" time="0.436" /><testcase classname="backend.tests.test_kyc_onboarding.TestKYCUploadEndpoint" name="test_kyc_upload_payslip" time="0.437" /><testcase classname="backend.tests.test_kyc_onboarding.TestKYCUploadEndpoint" name="test_kyc_upload_bank_statement" time="0.458" /><testcase classname="backend.tests.test_kyc_onboarding.TestKYCUploadEndpoint" name="test_kyc_upload_rejects_invalid_file_type" time="0.419" /><testcase classname="backend.tests.test_kyc_onboarding.TestKYCStatusEndpoint" name="test_kyc_status_endpoint_exists" time="0.438" /><testcase classname="backend.tests.test_kyc_onboarding.TestKYCStatusEndpoint" name="test_kyc_status_shows_uploaded_documents" time="0.465" /><testcase classname="backend.tests.test_kyc_onboarding.TestKYCStepUpdateEndpoint" name="test_kyc_step_update_endpoint" time="0.418" /><testcase classname="backend.tests.test_kyc_onboarding.TestEmployerPublicEndpoint" name="test_approved_employers_public_endpoint" time="0.104" /><testcase classname="backend.tests.test_kyc_onboarding.TestEmployeeOnboardingFields" name="test_employee_profile_with_kyc_fields" time="0.468"><skipped type="pytest.skip" message="No approved employers available">/app/backend/tests/test_kyc_onboarding.py:379: No approved employers available</skipped></testcase></testsuite></testsuites>