<?xml version="1.0" encoding="utf-8"?><testsuites name="pytest tests"><testsuite name="pytest" errors="0" failures="0" skipped="0" tests="9" time="2.855" timestamp="2026-02-14T15:08:17.820228+00:00" hostname="agent-env-a16d8004-63d4-4bf4-80f0-73f1ab652892"><testcase classname="backend.tests.test_p0_employer_new_fields.TestEmployerNewFieldsP0" name="test_countries_enum_in_model" time="0.521" /><testcase classname="backend.tests.test_p0_employer_new_fields.TestEmployerNewFieldsP0" name="test_onboarding_accepts_countries_of_operation" time="0.110" /><testcase classname="backend.tests.test_p0_employer_new_fields.TestEmployerNewFieldsP0" name="test_countries_model_validation" time="0.151" /><testcase classname="backend.tests.test_p0_employer_new_fields.TestEmployerNewFieldsP0" name="test_proof_of_bank_account_upload" time="0.140" /><testcase classname="backend.tests.test_p0_employer_new_fields.TestEmployerNewFieldsP0" name="test_employment_contract_template_upload" time="0.166" /><testcase classname="backend.tests.test_p0_employer_new_fields.TestEmployerNewFieldsP0" name="test_audited_financials_upload_regression" time="0.111" /><testcase classname="backend.tests.test_p0_employer_new_fields.TestEmployerNewFieldsP0" name="test_invalid_document_type_rejected" time="0.222" /><testcase classname="backend.tests.test_p0_employer_new_fields.TestEmployerNewFieldsP0" name="test_document_upload_requires_auth" time="0.110" /><testcase classname="backend.tests.test_p0_employer_new_fields.TestEmployerNewFieldsP0" name="test_all_valid_document_types" time="1.269" /></testsuite></testsuites>