<?xml version="1.0" encoding="utf-8"?><testsuites name="pytest tests"><testsuite name="pytest" errors="0" failures="0" skipped="0" tests="7" time="6.184" timestamp="2026-02-14T14:20:06.977342+00:00" hostname="agent-env-9c92faef-ae00-47a1-9320-a3b473da6199"><testcase classname="tests.test_p0_p1_fixes.TestChangePasswordAPI" name="test_change_password_endpoint_exists" time="0.479" /><testcase classname="tests.test_p0_p1_fixes.TestChangePasswordAPI" name="test_change_password_wrong_current_password" time="0.696" /><testcase classname="tests.test_p0_p1_fixes.TestChangePasswordAPI" name="test_change_password_new_password_too_short" time="0.684" /><testcase classname="tests.test_p0_p1_fixes.TestChangePasswordAPI" name="test_change_password_success_and_restore" time="3.650" /><testcase classname="tests.test_p0_p1_fixes.TestChangePasswordAPI" name="test_change_password_requires_authentication" time="0.110" /><testcase classname="tests.test_p0_p1_fixes.TestAuthAndBasicEndpoints" name="test_api_root" time="0.126" /><testcase classname="tests.test_p0_p1_fixes.TestAuthAndBasicEndpoints" name="test_employee_login" time="0.354" /></testsuite></testsuites>