<?xml version="1.0" encoding="utf-8"?><testsuites name="pytest tests"><testsuite name="pytest" errors="0" failures="0" skipped="2" tests="23" time="5.804" timestamp="2026-02-14T10:33:15.099199+00:00" hostname="agent-env-99479bf8-a939-4bdc-8d1d-836456595dcc"><testcase classname="backend.tests.test_auth_pages.TestAuthEndpoints" name="test_api_health" time="0.112" /><testcase classname="backend.tests.test_auth_pages.TestAuthEndpoints" name="test_login_valid_credentials" time="0.339" /><testcase classname="backend.tests.test_auth_pages.TestAuthEndpoints" name="test_login_admin_credentials" time="0.321" /><testcase classname="backend.tests.test_auth_pages.TestAuthEndpoints" name="test_login_invalid_credentials" time="0.108" /><testcase classname="backend.tests.test_auth_pages.TestAuthEndpoints" name="test_login_empty_credentials" time="0.101" /><testcase classname="backend.tests.test_auth_pages.TestAuthEndpoints" name="test_register_new_employee" time="0.321" /><testcase classname="backend.tests.test_auth_pages.TestAuthEndpoints" name="test_register_new_employer" time="0.318" /><testcase classname="backend.tests.test_auth_pages.TestAuthEndpoints" name="test_register_duplicate_email" time="0.095" /><testcase classname="backend.tests.test_auth_pages.TestAuthEndpoints" name="test_get_me_authenticated" time="0.494" /><testcase classname="backend.tests.test_auth_pages.TestAuthEndpoints" name="test_get_me_without_token" time="0.156" /><testcase classname="backend.tests.test_auth_pages.TestGoogleOAuthEndpoint" name="test_google_callback_invalid_session" time="0.311" /><testcase classname="backend.tests.test_auth_pages.TestGoogleOAuthEndpoint" name="test_google_callback_endpoint_exists" time="0.171" /><testcase classname="backend.tests.test_auth_pages.TestUtilityEndpoints" name="test_get_countries" time="0.099" /><testcase classname="backend.tests.test_auth_pages.TestUtilityEndpoints" name="test_get_industries" time="0.100" /><testcase classname="backend.tests.test_registration_onboarding.TestRegistrationWithMobileNumber" name="test_register_employee_with_phone_country_code" time="0.322" /><testcase classname="backend.tests.test_registration_onboarding.TestRegistrationWithMobileNumber" name="test_register_employee_with_tanzania_code" time="0.319" /><testcase classname="backend.tests.test_registration_onboarding.TestRegistrationWithMobileNumber" name="test_register_employee_with_uganda_code" time="0.336" /><testcase classname="backend.tests.test_registration_onboarding.TestRegistrationWithMobileNumber" name="test_register_employee_with_rwanda_code" time="0.316" /><testcase classname="backend.tests.test_registration_onboarding.TestRegistrationWithMobileNumber" name="test_register_employer_with_phone" time="0.327" /><testcase classname="backend.tests.test_registration_onboarding.TestCountriesEndpoint" name="test_get_countries_returns_4_countries" time="0.106" /><testcase classname="backend.tests.test_registration_onboarding.TestCountriesEndpoint" name="test_countries_have_mobile_money_providers" time="0.096" /><testcase classname="backend.tests.test_registration_onboarding.TestEmployeeCreationWithIdType" name="test_employee_profile_with_national_id" time="0.446"><skipped type="pytest.skip" message="No approved employers available for testing">/app/backend/tests/test_registration_onboarding.py:200: No approved employers available for testing</skipped></testcase><testcase classname="backend.tests.test_registration_onboarding.TestEmployeeCreationWithIdType" name="test_employee_profile_with_passport" time="0.420"><skipped type="pytest.skip" message="No approved employers available for testing">/app/backend/tests/test_registration_onboarding.py:229: No approved employers available for testing</skipped></testcase></testsuite></testsuites>